[INFO ] 2023-03-17 20:56:30.171 [main] MockServletContext - Initializing Spring TestDispatcherServlet ''
[INFO ] 2023-03-17 20:56:30.172 [main] TestDispatcherServlet - Initializing Servlet ''
[INFO ] 2023-03-17 20:56:30.172 [main] TestDispatcherServlet - Completed initialization in 0 ms
[INFO ] 2023-03-17 20:56:30.174 [main] AuthenticationController - start
[INFO ] 2023-03-17 20:56:30.174 [main] AuthenticationController - This is an info message
[WARN ] 2023-03-17 20:56:30.174 [main] AuthenticationController - This is a warn message
[ERROR] 2023-03-17 20:56:30.175 [main] AuthenticationController - This is an error message
[WARN ] 2023-03-17 20:56:30.176 [main] deprecation - HHH90000021: Encountered deprecated setting [javax.persistence.loadgraph], use [jakarta.persistence.loadgraph] instead
[INFO ] 2023-03-17 20:56:30.180 [main] UserDao - Logger:LogMessage{className='project.vapeshop.dao.impl.UserDao', methodName='findByLoginAndPassword', methodArgs='[User(id=null, surname=null, name=null, patronymic=null, login=login, password=password, mail=null)]', elapsedTimeInMillis=4, elapsedTimeInMicros=4232, result={"id":1,"surname":"???????","name":"????","patronymic":"?????????????","login":"login","password":"password","mail":"mail@mail.com","role":{"id":1,"name":"ROLE_USER","privileges":[{"id":1,"name":"READ"},{"id":2,"name":"CREATE"},{"id":3,"name":"DELETE"},{"id":4,"name":"UPDATE"}]}}}
[INFO ] 2023-03-17 20:56:30.190 [main] AuthenticationController - Logger:LogMessage{className='project.vapeshop.contoller.authencticate.AuthenticationController', methodName='authorization', methodArgs='[project.vapeshop.dto.user.UserDTOForAuthorization@2b991034]', elapsedTimeInMillis=16, elapsedTimeInMicros=16105, result={"headers":{},"body":"eyJhbGciOiJIUzI1NiJ9.eyJzdWIiOiJsb2dpbiIsInJvbGUiOiJST0xFX1VTRVIiLCJuYW1lIjoi0JjQu9GM0Y8iLCJleHAiOjE2NzkwNzkzOTB9.Jq1REYMsov9w9fTpewA6G8Rp0VqFPu-3tRT4JJmuo1Y","statusCode":"OK","statusCodeValue":200}}
[WARN ] 2023-03-17 20:56:30.204 [main] deprecation - HHH90000021: Encountered deprecated setting [javax.persistence.loadgraph], use [jakarta.persistence.loadgraph] instead
[INFO ] 2023-03-17 20:56:30.210 [main] UserDao - Logger:LogMessage{className='project.vapeshop.dao.impl.UserDao', methodName='findByLogin', methodArgs='[login]', elapsedTimeInMillis=6, elapsedTimeInMicros=6390, result={"id":1,"surname":"???????","name":"????","patronymic":"?????????????","login":"login","password":"password","mail":"mail@mail.com","role":{"id":1,"name":"ROLE_USER","privileges":[{"id":1,"name":"READ"},{"id":2,"name":"CREATE"},{"id":3,"name":"DELETE"},{"id":4,"name":"UPDATE"}]}}}
[INFO ] 2023-03-17 20:56:30.221 [main] ItemProduct - Logger:LogMessage{className='project.vapeshop.dao.impl.ItemProduct', methodName='insertObject', methodArgs='[Item(id=null, photo=photo4, name=HotSpot BubleGum, price=23.0, quantity=15)]', elapsedTimeInMillis=3, elapsedTimeInMicros=3385, result={"id":6,"photo":"photo4","name":"HotSpot BubleGum","price":23.0,"quantity":15,"category":{"id":2,"name":"??????????,?????????,?????"},"ratings":null,"liquide":null,"vaporizer":null,"vape":null}}
[INFO ] 2023-03-17 20:56:30.223 [main] ItemService - Logger:LogMessage{className='project.vapeshop.service.product.ItemService', methodName='addItem', methodArgs='[project.vapeshop.dto.product.ItemDTOFullInfo@5e16e521]', elapsedTimeInMillis=6, elapsedTimeInMicros=6140, result={"id":6,"photo":"photo4","name":"HotSpot BubleGum","category":{"id":2,"name":"??????????,?????????,?????"},"price":23.0,"quantity":15}}
[INFO ] 2023-03-17 20:56:30.226 [main] ControllerItem - Logger:LogMessage{className='project.vapeshop.contoller.product.ControllerItem', methodName='insert', methodArgs='[project.vapeshop.dto.product.ItemDTOFullInfo@5e16e521]', elapsedTimeInMillis=9, elapsedTimeInMicros=9401, result={"headers":{},"body":{"id":6,"photo":"photo4","name":"HotSpot BubleGum","category":{"id":2,"name":"??????????,?????????,?????"},"price":23.0,"quantity":15},"statusCode":"CREATED","statusCodeValue":201}}
[WARN ] 2023-03-17 20:56:30.236 [main] deprecation - HHH90000021: Encountered deprecated setting [javax.persistence.loadgraph], use [jakarta.persistence.loadgraph] instead
[INFO ] 2023-03-17 20:56:30.240 [main] UserDao - Logger:LogMessage{className='project.vapeshop.dao.impl.UserDao', methodName='findByLogin', methodArgs='[login]', elapsedTimeInMillis=4, elapsedTimeInMicros=4845, result={"id":1,"surname":"???????","name":"????","patronymic":"?????????????","login":"login","password":"password","mail":"mail@mail.com","role":{"id":1,"name":"ROLE_USER","privileges":[{"id":1,"name":"READ"},{"id":2,"name":"CREATE"},{"id":3,"name":"DELETE"},{"id":4,"name":"UPDATE"}]}}}
[INFO ] 2023-03-17 20:56:30.260 [main] LiquideDao - Logger:[!!!project.vapeshop.aop.LogMessage@55e8522e=>com.fasterxml.jackson.databind.exc.InvalidDefinitionException:No serializer found for class org.hibernate.proxy.pojo.bytebuddy.ByteBuddyInterceptor and no properties discovered to create BeanSerializer (to avoid exception, disable SerializationFeature.FAIL_ON_EMPTY_BEANS) (through reference chain: project.vapeshop.entity.product.Liquide["itemForLiquide"]->project.vapeshop.entity.product.Item["category"]->project.vapeshop.entity.product.Category$HibernateProxy$jQy0ry3s["hibernateLazyInitializer"])!!!]
[INFO ] 2023-03-17 20:56:30.268 [main] ControllerLiquide - Logger:LogMessage{className='project.vapeshop.contoller.product.ControllerLiquide', methodName='insert', methodArgs='[project.vapeshop.dto.product.LiquideDTOFullInfo@7887e1f3]', elapsedTimeInMillis=22, elapsedTimeInMicros=22524, result={"headers":{},"body":{"id":2,"item":{"id":6,"photo":"photo4","name":"HotSpot BubleGum"},"flavour":"???????","fortress":45,"typeNicotine":"???????","volume":30},"statusCode":"CREATED","statusCodeValue":201}}
[WARN ] 2023-03-17 20:56:30.281 [main] deprecation - HHH90000021: Encountered deprecated setting [javax.persistence.loadgraph], use [jakarta.persistence.loadgraph] instead
[INFO ] 2023-03-17 20:56:30.287 [main] UserDao - Logger:LogMessage{className='project.vapeshop.dao.impl.UserDao', methodName='findByLogin', methodArgs='[login]', elapsedTimeInMillis=6, elapsedTimeInMicros=6060, result={"id":1,"surname":"???????","name":"????","patronymic":"?????????????","login":"login","password":"password","mail":"mail@mail.com","role":{"id":1,"name":"ROLE_USER","privileges":[{"id":1,"name":"READ"},{"id":2,"name":"CREATE"},{"id":3,"name":"DELETE"},{"id":4,"name":"UPDATE"}]}}}
[INFO ] 2023-03-17 20:56:30.295 [main] LiquideDao - Logger:LogMessage{className='project.vapeshop.dao.impl.LiquideDao', methodName='update', methodArgs='[Liquide(id=2, flavour=????????, fortress=45, typeNicotine=???????, volume=30)]', elapsedTimeInMillis=2, elapsedTimeInMicros=2010, result={"id":2,"itemForLiquide":{"id":6,"photo":null,"name":null,"price":null,"quantity":0,"category":null,"ratings":null,"liquide":{"id":6,"itemForLiquide":null,"flavour":null,"fortress":null,"typeNicotine":null,"volume":null},"vaporizer":null,"vape":null},"flavour":"????????","fortress":45,"typeNicotine":"???????","volume":30}}
[INFO ] 2023-03-17 20:56:30.299 [main] ControllerLiquide - Logger:LogMessage{className='project.vapeshop.contoller.product.ControllerLiquide', methodName='update', methodArgs='[project.vapeshop.dto.product.LiquideDTOFullInfo@679cdfc3]', elapsedTimeInMillis=6, elapsedTimeInMicros=6933, result={"headers":{},"body":{"id":2,"item":{"id":6,"photo":null,"name":null},"flavour":"????????","fortress":45,"typeNicotine":"???????","volume":30},"statusCode":"UPGRADE_REQUIRED","statusCodeValue":426}}
[WARN ] 2023-03-17 20:56:30.310 [main] deprecation - HHH90000021: Encountered deprecated setting [javax.persistence.loadgraph], use [jakarta.persistence.loadgraph] instead
[INFO ] 2023-03-17 20:56:30.318 [main] UserDao - Logger:LogMessage{className='project.vapeshop.dao.impl.UserDao', methodName='findByLogin', methodArgs='[login]', elapsedTimeInMillis=7, elapsedTimeInMicros=7797, result={"id":1,"surname":"???????","name":"????","patronymic":"?????????????","login":"login","password":"password","mail":"mail@mail.com","role":{"id":1,"name":"ROLE_USER","privileges":[{"id":1,"name":"READ"},{"id":2,"name":"CREATE"},{"id":3,"name":"DELETE"},{"id":4,"name":"UPDATE"}]}}}
[WARN ] 2023-03-17 20:56:30.325 [main] deprecation - HHH90000021: Encountered deprecated setting [javax.persistence.loadgraph], use [jakarta.persistence.loadgraph] instead
[INFO ] 2023-03-17 20:56:30.336 [main] LiquideDao - Logger:[!!!project.vapeshop.aop.LogMessage@2a03b87=>com.fasterxml.jackson.databind.exc.InvalidDefinitionException:No serializer found for class org.hibernate.proxy.pojo.bytebuddy.ByteBuddyInterceptor and no properties discovered to create BeanSerializer (to avoid exception, disable SerializationFeature.FAIL_ON_EMPTY_BEANS) (through reference chain: project.vapeshop.entity.product.Liquide["itemForLiquide"]->project.vapeshop.entity.product.Item["category"]->project.vapeshop.entity.product.Category$HibernateProxy$jQy0ry3s["hibernateLazyInitializer"])!!!]
[INFO ] 2023-03-17 20:56:30.342 [main] ControllerLiquide - Logger:LogMessage{className='project.vapeshop.contoller.product.ControllerLiquide', methodName='readId', methodArgs='[2]', elapsedTimeInMillis=19, elapsedTimeInMicros=19130, result={"headers":{},"body":{"id":2,"item":{"id":6,"photo":"photo4","name":"HotSpot BubleGum"},"flavour":"????????","fortress":45,"typeNicotine":"???????","volume":30},"statusCode":"OK","statusCodeValue":200}}
[INFO ] 2023-03-17 20:56:30.351 [main] MockServletContext - Initializing Spring TestDispatcherServlet ''
[INFO ] 2023-03-17 20:56:30.351 [main] TestDispatcherServlet - Initializing Servlet ''
[INFO ] 2023-03-17 20:56:30.352 [main] TestDispatcherServlet - Completed initialization in 1 ms
[INFO ] 2023-03-17 20:56:30.354 [main] AuthenticationController - start
[INFO ] 2023-03-17 20:56:30.354 [main] AuthenticationController - This is an info message
[WARN ] 2023-03-17 20:56:30.354 [main] AuthenticationController - This is a warn message
[ERROR] 2023-03-17 20:56:30.354 [main] AuthenticationController - This is an error message
[WARN ] 2023-03-17 20:56:30.356 [main] deprecation - HHH90000021: Encountered deprecated setting [javax.persistence.loadgraph], use [jakarta.persistence.loadgraph] instead
[INFO ] 2023-03-17 20:56:30.359 [main] UserDao - Logger:LogMessage{className='project.vapeshop.dao.impl.UserDao', methodName='findByLoginAndPassword', methodArgs='[User(id=null, surname=null, name=null, patronymic=null, login=login, password=password, mail=null)]', elapsedTimeInMillis=3, elapsedTimeInMicros=3668, result={"id":1,"surname":"???????","name":"????","patronymic":"?????????????","login":"login","password":"password","mail":"mail@mail.com","role":{"id":1,"name":"ROLE_USER","privileges":[{"id":1,"name":"READ"},{"id":2,"name":"CREATE"},{"id":3,"name":"DELETE"},{"id":4,"name":"UPDATE"}]}}}
[INFO ] 2023-03-17 20:56:30.367 [main] AuthenticationController - Logger:LogMessage{className='project.vapeshop.contoller.authencticate.AuthenticationController', methodName='authorization', methodArgs='[project.vapeshop.dto.user.UserDTOForAuthorization@123e87cd]', elapsedTimeInMillis=12, elapsedTimeInMicros=12902, result={"headers":{},"body":"eyJhbGciOiJIUzI1NiJ9.eyJzdWIiOiJsb2dpbiIsInJvbGUiOiJST0xFX1VTRVIiLCJuYW1lIjoi0JjQu9GM0Y8iLCJleHAiOjE2NzkwNzkzOTB9.Jq1REYMsov9w9fTpewA6G8Rp0VqFPu-3tRT4JJmuo1Y","statusCode":"OK","statusCodeValue":200}}
[WARN ] 2023-03-17 20:56:30.376 [main] deprecation - HHH90000021: Encountered deprecated setting [javax.persistence.loadgraph], use [jakarta.persistence.loadgraph] instead
[INFO ] 2023-03-17 20:56:30.382 [main] UserDao - Logger:LogMessage{className='project.vapeshop.dao.impl.UserDao', methodName='findByLogin', methodArgs='[login]', elapsedTimeInMillis=6, elapsedTimeInMicros=6671, result={"id":1,"surname":"???????","name":"????","patronymic":"?????????????","login":"login","password":"password","mail":"mail@mail.com","role":{"id":1,"name":"ROLE_USER","privileges":[{"id":1,"name":"READ"},{"id":2,"name":"CREATE"},{"id":3,"name":"DELETE"},{"id":4,"name":"UPDATE"}]}}}
[INFO ] 2023-03-17 20:56:30.391 [main] ItemProduct - Logger:LogMessage{className='project.vapeshop.dao.impl.ItemProduct', methodName='insertObject', methodArgs='[Item(id=null, photo=photo4, name=HotSpot BubleGum, price=23.0, quantity=15)]', elapsedTimeInMillis=3, elapsedTimeInMicros=3110, result={"id":7,"photo":"photo4","name":"HotSpot BubleGum","price":23.0,"quantity":15,"category":{"id":2,"name":"??????????,?????????,?????"},"ratings":null,"liquide":null,"vaporizer":null,"vape":null}}
[INFO ] 2023-03-17 20:56:30.393 [main] ItemService - Logger:LogMessage{className='project.vapeshop.service.product.ItemService', methodName='addItem', methodArgs='[project.vapeshop.dto.product.ItemDTOFullInfo@316a682b]', elapsedTimeInMillis=5, elapsedTimeInMicros=5906, result={"id":7,"photo":"photo4","name":"HotSpot BubleGum","category":{"id":2,"name":"??????????,?????????,?????"},"price":23.0,"quantity":15}}
[INFO ] 2023-03-17 20:56:30.402 [main] ControllerItem - Logger:LogMessage{className='project.vapeshop.contoller.product.ControllerItem', methodName='insert', methodArgs='[project.vapeshop.dto.product.ItemDTOFullInfo@316a682b]', elapsedTimeInMillis=14, elapsedTimeInMicros=14820, result={"headers":{},"body":{"id":7,"photo":"photo4","name":"HotSpot BubleGum","category":{"id":2,"name":"??????????,?????????,?????"},"price":23.0,"quantity":15},"statusCode":"CREATED","statusCodeValue":201}}
[WARN ] 2023-03-17 20:56:30.410 [main] deprecation - HHH90000021: Encountered deprecated setting [javax.persistence.loadgraph], use [jakarta.persistence.loadgraph] instead
[INFO ] 2023-03-17 20:56:30.414 [main] UserDao - Logger:LogMessage{className='project.vapeshop.dao.impl.UserDao', methodName='findByLogin', methodArgs='[login]', elapsedTimeInMillis=4, elapsedTimeInMicros=4435, result={"id":1,"surname":"???????","name":"????","patronymic":"?????????????","login":"login","password":"password","mail":"mail@mail.com","role":{"id":1,"name":"ROLE_USER","privileges":[{"id":1,"name":"READ"},{"id":2,"name":"CREATE"},{"id":3,"name":"DELETE"},{"id":4,"name":"UPDATE"}]}}}
[INFO ] 2023-03-17 20:56:30.425 [main] LiquideDao - Logger:[!!!project.vapeshop.aop.LogMessage@4fd9deed=>com.fasterxml.jackson.databind.exc.InvalidDefinitionException:No serializer found for class org.hibernate.proxy.pojo.bytebuddy.ByteBuddyInterceptor and no properties discovered to create BeanSerializer (to avoid exception, disable SerializationFeature.FAIL_ON_EMPTY_BEANS) (through reference chain: project.vapeshop.entity.product.Liquide["itemForLiquide"]->project.vapeshop.entity.product.Item["category"]->project.vapeshop.entity.product.Category$HibernateProxy$jQy0ry3s["hibernateLazyInitializer"])!!!]
[INFO ] 2023-03-17 20:56:30.432 [main] ControllerLiquide - Logger:LogMessage{className='project.vapeshop.contoller.product.ControllerLiquide', methodName='insert', methodArgs='[project.vapeshop.dto.product.LiquideDTOFullInfo@23138317]', elapsedTimeInMillis=14, elapsedTimeInMicros=14033, result={"headers":{},"body":{"id":3,"item":{"id":7,"photo":"photo4","name":"HotSpot BubleGum"},"flavour":"???????","fortress":45,"typeNicotine":"???????","volume":30},"statusCode":"CREATED","statusCodeValue":201}}
[WARN ] 2023-03-17 20:56:30.443 [main] deprecation - HHH90000021: Encountered deprecated setting [javax.persistence.loadgraph], use [jakarta.persistence.loadgraph] instead
[INFO ] 2023-03-17 20:56:30.447 [main] UserDao - Logger:LogMessage{className='project.vapeshop.dao.impl.UserDao', methodName='findByLogin', methodArgs='[login]', elapsedTimeInMillis=4, elapsedTimeInMicros=4692, result={"id":1,"surname":"???????","name":"????","patronymic":"?????????????","login":"login","password":"password","mail":"mail@mail.com","role":{"id":1,"name":"ROLE_USER","privileges":[{"id":1,"name":"READ"},{"id":2,"name":"CREATE"},{"id":3,"name":"DELETE"},{"id":4,"name":"UPDATE"}]}}}
[INFO ] 2023-03-17 20:56:30.463 [main] LiquideDao - Logger:LogMessage{className='project.vapeshop.dao.impl.LiquideDao', methodName='delete', methodArgs='[3]', elapsedTimeInMillis=10, elapsedTimeInMicros=10521, result=true}
[INFO ] 2023-03-17 20:56:30.464 [main] ControllerLiquide - Logger:LogMessage{className='project.vapeshop.contoller.product.ControllerLiquide', methodName='delete', methodArgs='[3]', elapsedTimeInMillis=13, elapsedTimeInMicros=13123, result=true}
[INFO ] 2023-03-17 20:56:30.470 [main] MockServletContext - Initializing Spring TestDispatcherServlet ''
[INFO ] 2023-03-17 20:56:30.470 [main] TestDispatcherServlet - Initializing Servlet ''
[INFO ] 2023-03-17 20:56:30.471 [main] TestDispatcherServlet - Completed initialization in 1 ms
[INFO ] 2023-03-17 20:56:30.474 [main] AuthenticationController - start
[INFO ] 2023-03-17 20:56:30.474 [main] AuthenticationController - This is an info message
[WARN ] 2023-03-17 20:56:30.474 [main] AuthenticationController - This is a warn message
[ERROR] 2023-03-17 20:56:30.474 [main] AuthenticationController - This is an error message
[WARN ] 2023-03-17 20:56:30.476 [main] deprecation - HHH90000021: Encountered deprecated setting [javax.persistence.loadgraph], use [jakarta.persistence.loadgraph] instead
[INFO ] 2023-03-17 20:56:30.480 [main] UserDao - Logger:LogMessage{className='project.vapeshop.dao.impl.UserDao', methodName='findByLoginAndPassword', methodArgs='[User(id=null, surname=null, name=null, patronymic=null, login=login, password=password, mail=null)]', elapsedTimeInMillis=4, elapsedTimeInMicros=4157, result={"id":1,"surname":"???????","name":"????","patronymic":"?????????????","login":"login","password":"password","mail":"mail@mail.com","role":{"id":1,"name":"ROLE_USER","privileges":[{"id":1,"name":"READ"},{"id":2,"name":"CREATE"},{"id":3,"name":"DELETE"},{"id":4,"name":"UPDATE"}]}}}
[INFO ] 2023-03-17 20:56:30.489 [main] AuthenticationController - Logger:LogMessage{className='project.vapeshop.contoller.authencticate.AuthenticationController', methodName='authorization', methodArgs='[project.vapeshop.dto.user.UserDTOForAuthorization@2f0dae44]', elapsedTimeInMillis=15, elapsedTimeInMicros=15230, result={"headers":{},"body":"eyJhbGciOiJIUzI1NiJ9.eyJzdWIiOiJsb2dpbiIsInJvbGUiOiJST0xFX1VTRVIiLCJuYW1lIjoi0JjQu9GM0Y8iLCJleHAiOjE2NzkwNzkzOTB9.Jq1REYMsov9w9fTpewA6G8Rp0VqFPu-3tRT4JJmuo1Y","statusCode":"OK","statusCodeValue":200}}
[WARN ] 2023-03-17 20:56:30.501 [main] deprecation - HHH90000021: Encountered deprecated setting [javax.persistence.loadgraph], use [jakarta.persistence.loadgraph] instead
[INFO ] 2023-03-17 20:56:30.508 [main] UserDao - Logger:LogMessage{className='project.vapeshop.dao.impl.UserDao', methodName='findByLogin', methodArgs='[login]', elapsedTimeInMillis=7, elapsedTimeInMicros=7207, result={"id":1,"surname":"???????","name":"????","patronymic":"?????????????","login":"login","password":"password","mail":"mail@mail.com","role":{"id":1,"name":"ROLE_USER","privileges":[{"id":1,"name":"READ"},{"id":2,"name":"CREATE"},{"id":3,"name":"DELETE"},{"id":4,"name":"UPDATE"}]}}}
[WARN ] 2023-03-17 20:56:30.514 [main] deprecation - HHH90000021: Encountered deprecated setting [javax.persistence.loadgraph], use [jakarta.persistence.loadgraph] instead
[INFO ] 2023-03-17 20:56:30.525 [main] LiquideDao - Logger:[!!!project.vapeshop.aop.LogMessage@527e6bd3=>com.fasterxml.jackson.databind.exc.InvalidDefinitionException:No serializer found for class org.hibernate.proxy.pojo.bytebuddy.ByteBuddyInterceptor and no properties discovered to create BeanSerializer (to avoid exception, disable SerializationFeature.FAIL_ON_EMPTY_BEANS) (through reference chain: project.vapeshop.entity.product.Liquide["itemForLiquide"]->project.vapeshop.entity.product.Item["category"]->project.vapeshop.entity.product.Category$HibernateProxy$jQy0ry3s["hibernateLazyInitializer"])!!!]
[INFO ] 2023-03-17 20:56:30.531 [main] ControllerLiquide - Logger:LogMessage{className='project.vapeshop.contoller.product.ControllerLiquide', methodName='readId', methodArgs='[1]', elapsedTimeInMillis=18, elapsedTimeInMicros=18594, result={"headers":{},"body":{"id":1,"item":{"id":1,"photo":"photo4","name":"HotSpot BubleGum Update"},"flavour":"???? 3?1","fortress":50,"typeNicotine":"???????","volume":30},"statusCode":"OK","statusCodeValue":200}}
[INFO ] 2023-03-17 20:56:30.541 [main] MockServletContext - Initializing Spring TestDispatcherServlet ''
[INFO ] 2023-03-17 20:56:30.541 [main] TestDispatcherServlet - Initializing Servlet ''
[INFO ] 2023-03-17 20:56:30.542 [main] TestDispatcherServlet - Completed initialization in 1 ms
[INFO ] 2023-03-17 20:56:30.544 [main] AuthenticationController - start
[INFO ] 2023-03-17 20:56:30.544 [main] AuthenticationController - This is an info message
[WARN ] 2023-03-17 20:56:30.544 [main] AuthenticationController - This is a warn message
[ERROR] 2023-03-17 20:56:30.544 [main] AuthenticationController - This is an error message
[WARN ] 2023-03-17 20:56:30.546 [main] deprecation - HHH90000021: Encountered deprecated setting [javax.persistence.loadgraph], use [jakarta.persistence.loadgraph] instead
[INFO ] 2023-03-17 20:56:30.549 [main] UserDao - Logger:LogMessage{className='project.vapeshop.dao.impl.UserDao', methodName='findByLoginAndPassword', methodArgs='[User(id=null, surname=null, name=null, patronymic=null, login=login, password=password, mail=null)]', elapsedTimeInMillis=3, elapsedTimeInMicros=3626, result={"id":1,"surname":"???????","name":"????","patronymic":"?????????????","login":"login","password":"password","mail":"mail@mail.com","role":{"id":1,"name":"ROLE_USER","privileges":[{"id":1,"name":"READ"},{"id":2,"name":"CREATE"},{"id":3,"name":"DELETE"},{"id":4,"name":"UPDATE"}]}}}
[INFO ] 2023-03-17 20:56:30.556 [main] AuthenticationController - Logger:LogMessage{className='project.vapeshop.contoller.authencticate.AuthenticationController', methodName='authorization', methodArgs='[project.vapeshop.dto.user.UserDTOForAuthorization@3fe8d57a]', elapsedTimeInMillis=12, elapsedTimeInMicros=12451, result={"headers":{},"body":"eyJhbGciOiJIUzI1NiJ9.eyJzdWIiOiJsb2dpbiIsInJvbGUiOiJST0xFX1VTRVIiLCJuYW1lIjoi0JjQu9GM0Y8iLCJleHAiOjE2NzkwNzkzOTB9.Jq1REYMsov9w9fTpewA6G8Rp0VqFPu-3tRT4JJmuo1Y","statusCode":"OK","statusCodeValue":200}}
[WARN ] 2023-03-17 20:56:30.565 [main] deprecation - HHH90000021: Encountered deprecated setting [javax.persistence.loadgraph], use [jakarta.persistence.loadgraph] instead
[INFO ] 2023-03-17 20:56:30.570 [main] UserDao - Logger:LogMessage{className='project.vapeshop.dao.impl.UserDao', methodName='findByLogin', methodArgs='[login]', elapsedTimeInMillis=5, elapsedTimeInMicros=5328, result={"id":1,"surname":"???????","name":"????","patronymic":"?????????????","login":"login","password":"password","mail":"mail@mail.com","role":{"id":1,"name":"ROLE_USER","privileges":[{"id":1,"name":"READ"},{"id":2,"name":"CREATE"},{"id":3,"name":"DELETE"},{"id":4,"name":"UPDATE"}]}}}
[INFO ] 2023-03-17 20:56:30.579 [main] ItemProduct - Logger:LogMessage{className='project.vapeshop.dao.impl.ItemProduct', methodName='insertObject', methodArgs='[Item(id=null, photo=photo4, name=HotSpot BubleGum, price=23.0, quantity=15)]', elapsedTimeInMillis=2, elapsedTimeInMicros=2798, result={"id":8,"photo":"photo4","name":"HotSpot BubleGum","price":23.0,"quantity":15,"category":{"id":2,"name":"??????????,?????????,?????"},"ratings":null,"liquide":null,"vaporizer":null,"vape":null}}
[INFO ] 2023-03-17 20:56:30.582 [main] ItemService - Logger:LogMessage{className='project.vapeshop.service.product.ItemService', methodName='addItem', methodArgs='[project.vapeshop.dto.product.ItemDTOFullInfo@31906cb2]', elapsedTimeInMillis=6, elapsedTimeInMicros=6078, result={"id":8,"photo":"photo4","name":"HotSpot BubleGum","category":{"id":2,"name":"??????????,?????????,?????"},"price":23.0,"quantity":15}}
[INFO ] 2023-03-17 20:56:30.584 [main] ControllerItem - Logger:LogMessage{className='project.vapeshop.contoller.product.ControllerItem', methodName='insert', methodArgs='[project.vapeshop.dto.product.ItemDTOFullInfo@31906cb2]', elapsedTimeInMillis=8, elapsedTimeInMicros=8800, result={"headers":{},"body":{"id":8,"photo":"photo4","name":"HotSpot BubleGum","category":{"id":2,"name":"??????????,?????????,?????"},"price":23.0,"quantity":15},"statusCode":"CREATED","statusCodeValue":201}}
[WARN ] 2023-03-17 20:56:30.593 [main] deprecation - HHH90000021: Encountered deprecated setting [javax.persistence.loadgraph], use [jakarta.persistence.loadgraph] instead
[INFO ] 2023-03-17 20:56:30.597 [main] UserDao - Logger:LogMessage{className='project.vapeshop.dao.impl.UserDao', methodName='findByLogin', methodArgs='[login]', elapsedTimeInMillis=4, elapsedTimeInMicros=4648, result={"id":1,"surname":"???????","name":"????","patronymic":"?????????????","login":"login","password":"password","mail":"mail@mail.com","role":{"id":1,"name":"ROLE_USER","privileges":[{"id":1,"name":"READ"},{"id":2,"name":"CREATE"},{"id":3,"name":"DELETE"},{"id":4,"name":"UPDATE"}]}}}
[INFO ] 2023-03-17 20:56:30.610 [main] LiquideDao - Logger:[!!!project.vapeshop.aop.LogMessage@193e65d5=>com.fasterxml.jackson.databind.exc.InvalidDefinitionException:No serializer found for class org.hibernate.proxy.pojo.bytebuddy.ByteBuddyInterceptor and no properties discovered to create BeanSerializer (to avoid exception, disable SerializationFeature.FAIL_ON_EMPTY_BEANS) (through reference chain: project.vapeshop.entity.product.Liquide["itemForLiquide"]->project.vapeshop.entity.product.Item["category"]->project.vapeshop.entity.product.Category$HibernateProxy$jQy0ry3s["hibernateLazyInitializer"])!!!]
[INFO ] 2023-03-17 20:56:30.615 [main] ControllerLiquide - Logger:LogMessage{className='project.vapeshop.contoller.product.ControllerLiquide', methodName='insert', methodArgs='[project.vapeshop.dto.product.LiquideDTOFullInfo@5e83badc]', elapsedTimeInMillis=12, elapsedTimeInMicros=12200, result={"headers":{},"body":{"id":4,"item":{"id":8,"photo":"photo4","name":"HotSpot BubleGum"},"flavour":"???????","fortress":45,"typeNicotine":"???????","volume":30},"statusCode":"CREATED","statusCodeValue":201}}
[WARN ] 2023-03-17 20:56:30.623 [main] deprecation - HHH90000021: Encountered deprecated setting [javax.persistence.loadgraph], use [jakarta.persistence.loadgraph] instead
[INFO ] 2023-03-17 20:56:30.627 [main] UserDao - Logger:LogMessage{className='project.vapeshop.dao.impl.UserDao', methodName='findByLogin', methodArgs='[login]', elapsedTimeInMillis=4, elapsedTimeInMicros=4407, result={"id":1,"surname":"???????","name":"????","patronymic":"?????????????","login":"login","password":"password","mail":"mail@mail.com","role":{"id":1,"name":"ROLE_USER","privileges":[{"id":1,"name":"READ"},{"id":2,"name":"CREATE"},{"id":3,"name":"DELETE"},{"id":4,"name":"UPDATE"}]}}}
[WARN ] 2023-03-17 20:56:30.632 [main] deprecation - HHH90000021: Encountered deprecated setting [javax.persistence.loadgraph], use [jakarta.persistence.loadgraph] instead
[INFO ] 2023-03-17 20:56:30.637 [main] LiquideDao - Logger:[!!!project.vapeshop.aop.LogMessage@5683a326=>com.fasterxml.jackson.databind.exc.InvalidDefinitionException:No serializer found for class org.hibernate.proxy.pojo.bytebuddy.ByteBuddyInterceptor and no properties discovered to create BeanSerializer (to avoid exception, disable SerializationFeature.FAIL_ON_EMPTY_BEANS) (through reference chain: project.vapeshop.entity.product.Liquide["itemForLiquide"]->project.vapeshop.entity.product.Item["category"]->project.vapeshop.entity.product.Category$HibernateProxy$jQy0ry3s["hibernateLazyInitializer"])!!!]
[INFO ] 2023-03-17 20:56:30.643 [main] ControllerLiquide - Logger:LogMessage{className='project.vapeshop.contoller.product.ControllerLiquide', methodName='readId', methodArgs='[4]', elapsedTimeInMillis=12, elapsedTimeInMicros=12303, result={"headers":{},"body":{"id":4,"item":{"id":8,"photo":"photo4","name":"HotSpot BubleGum"},"flavour":"???????","fortress":45,"typeNicotine":"???????","volume":30},"statusCode":"OK","statusCodeValue":200}}
[INFO ] 2023-03-17 20:56:30.652 [main] MockServletContext - Initializing Spring TestDispatcherServlet ''
[INFO ] 2023-03-17 20:56:30.652 [main] TestDispatcherServlet - Initializing Servlet ''
[INFO ] 2023-03-17 20:56:30.652 [main] TestDispatcherServlet - Completed initialization in 0 ms
[INFO ] 2023-03-17 20:56:30.655 [main] AuthenticationController - start
[INFO ] 2023-03-17 20:56:30.655 [main] AuthenticationController - This is an info message
[WARN ] 2023-03-17 20:56:30.655 [main] AuthenticationController - This is a warn message
[ERROR] 2023-03-17 20:56:30.655 [main] AuthenticationController - This is an error message
[WARN ] 2023-03-17 20:56:30.657 [main] deprecation - HHH90000021: Encountered deprecated setting [javax.persistence.loadgraph], use [jakarta.persistence.loadgraph] instead
[INFO ] 2023-03-17 20:56:30.660 [main] UserDao - Logger:LogMessage{className='project.vapeshop.dao.impl.UserDao', methodName='findByLoginAndPassword', methodArgs='[User(id=null, surname=null, name=null, patronymic=null, login=login, password=password, mail=null)]', elapsedTimeInMillis=3, elapsedTimeInMicros=3428, result={"id":1,"surname":"???????","name":"????","patronymic":"?????????????","login":"login","password":"password","mail":"mail@mail.com","role":{"id":1,"name":"ROLE_USER","privileges":[{"id":1,"name":"READ"},{"id":2,"name":"CREATE"},{"id":3,"name":"DELETE"},{"id":4,"name":"UPDATE"}]}}}
[INFO ] 2023-03-17 20:56:30.670 [main] AuthenticationController - Logger:LogMessage{className='project.vapeshop.contoller.authencticate.AuthenticationController', methodName='authorization', methodArgs='[project.vapeshop.dto.user.UserDTOForAuthorization@62dfe32e]', elapsedTimeInMillis=15, elapsedTimeInMicros=15488, result={"headers":{},"body":"eyJhbGciOiJIUzI1NiJ9.eyJzdWIiOiJsb2dpbiIsInJvbGUiOiJST0xFX1VTRVIiLCJuYW1lIjoi0JjQu9GM0Y8iLCJleHAiOjE2NzkwNzkzOTB9.Jq1REYMsov9w9fTpewA6G8Rp0VqFPu-3tRT4JJmuo1Y","statusCode":"OK","statusCodeValue":200}}
